# log 
2020-07-13 10:37:06 root:INFO:配置文件读取完毕
2020-07-13 10:40:07 root:ERROR:api测试异常
2020-07-13 10:40:07 root:INFO:账号: starsw001@163.com  开始执行========================================
2020-07-13 10:43:04 root:INFO:登陆成功
2020-07-13 10:44:01 root:INFO:重复签到
2020-07-13 10:44:38 root:INFO:获取用户详情成功
2020-07-13 10:45:39 root:INFO:用户:allen001  第1次打卡成功,即将休眠10秒
2020-07-13 10:47:45 root:INFO:用户:allen001  第2次打卡成功,即将休眠10秒
2020-07-13 10:49:59 root:INFO:用户:allen001  第3次打卡成功,即将休眠10秒
2020-07-13 10:50:09 root:INFO:用户:allen001  Server酱推送成功
2020-07-13 10:50:09 root:INFO:用户:allen001  今日任务已完成========================================
2020-07-13 10:51:46 root:INFO:配置文件读取完毕
2020-07-13 10:52:48 root:INFO:api测试正常
2020-07-13 10:52:48 root:INFO:账号: starsw001@163.com  开始执行========================================
2020-07-13 10:53:52 root:INFO:登陆成功
2020-07-13 10:54:27 root:INFO:重复签到
2020-07-13 10:55:16 root:INFO:获取用户详情成功
2020-07-13 10:56:04 root:INFO:用户:allen001  第1次打卡成功,即将休眠10秒
2020-07-13 10:56:41 root:INFO:用户:allen001  第2次打卡成功,即将休眠10秒
2020-07-13 10:57:09 root:INFO:用户:allen001  第3次打卡成功,即将休眠10秒
2020-07-13 10:57:19 root:INFO:用户:allen001  Server酱推送成功
2020-07-13 10:57:19 root:INFO:用户:allen001  今日任务已完成========================================
2020-07-13 14:53:13 root:INFO:配置文件读取完毕
2020-07-13 14:53:16 root:INFO:api测试正常
2020-07-13 14:53:16 root:INFO:账号: starsw001@163.com  开始执行========================================
2020-07-13 14:53:20 root:INFO:登陆成功
2020-07-13 14:53:29 root:INFO:重复签到
2020-07-13 14:53:41 root:INFO:获取用户详情成功
2020-07-13 14:53:51 root:INFO:用户:allen001  第1次打卡成功,即将休眠10秒
2020-07-13 14:54:28 root:INFO:用户:allen001  第2次打卡成功,即将休眠10秒
2020-07-13 14:55:20 root:INFO:用户:allen001  第3次打卡成功,即将休眠10秒
2020-07-13 14:55:31 root:INFO:用户:allen001  Server酱推送成功
2020-07-13 14:55:31 root:INFO:用户:allen001  今日任务已完成========================================
2020-07-13 14:57:32 root:INFO:配置文件读取完毕
